# Logfile created on 2013-12-27 15:48:45 -0600 by logger.rb/31641
I, [2013-12-27T15:48:45.646302 #11144]  INFO -- : 0:  RedCloth (4.2.9) from C:/Ruby193/lib/ruby/gems/1.9.1/specifications/RedCloth-4.2.9-x86-mingw32.gemspec
I, [2013-12-27T15:48:46.555908 #11144]  INFO -- : 0:  blankslate (2.1.2.4) from C:/Ruby193/lib/ruby/gems/1.9.1/specifications/blankslate-2.1.2.4.gemspec
E, [2013-12-27T15:48:47.342432 #11144] ERROR -- : Gem::InstallError: The 'fast-stemmer' native gem requires installed build tools.

Please update your PATH to include build tools or download the DevKit
from 'http://rubyinstaller.org/downloads' and follow the instructions
at 'http://github.com/oneclick/rubyinstaller/wiki/Development-Kit'

C:/Ruby193/lib/ruby/site_ruby/1.9.1/rubygems/defaults/operating_system.rb:12:in `rescue in block in <top (required)>'  \nC:/Ruby193/lib/ruby/site_ruby/1.9.1/rubygems/defaults/operating_system.rb:4:in `block in <top (required)>'  \nC:/Ruby193/lib/ruby/site_ruby/1.9.1/rubygems/installer.rb:162:in `call'  \nC:/Ruby193/lib/ruby/site_ruby/1.9.1/rubygems/installer.rb:162:in `block in install'  \nC:/Ruby193/lib/ruby/site_ruby/1.9.1/rubygems/installer.rb:161:in `each'  \nC:/Ruby193/lib/ruby/site_ruby/1.9.1/rubygems/installer.rb:161:in `install'  \nC:/Ruby193/lib/ruby/gems/1.9.1/gems/bundler-1.5.0/lib/bundler/source/rubygems.rb:95:in `block in install'  \nC:/Ruby193/lib/ruby/gems/1.9.1/gems/bundler-1.5.0/lib/bundler/rubygems_integration.rb:118:in `preserve_paths'  \nC:/Ruby193/lib/ruby/gems/1.9.1/gems/bundler-1.5.0/lib/bundler/source/rubygems.rb:94:in `install'  \nC:/Ruby193/lib/ruby/gems/1.9.1/gems/bundler-1.5.0/lib/bundler/installer.rb:111:in `block in install_gem_from_spec'  \nC:/Ruby193/lib/ruby/gems/1.9.1/gems/bundler-1.5.0/lib/bundler/rubygems_integration.rb:150:in `with_build_args'  \nC:/Ruby193/lib/ruby/gems/1.9.1/gems/bundler-1.5.0/lib/bundler/installer.rb:110:in `install_gem_from_spec'  \nC:/Ruby193/lib/ruby/gems/1.9.1/gems/bundler-1.5.0/lib/bundler/installer.rb:295:in `block in install_sequentially'  \nC:/Ruby193/lib/ruby/1.9.1/forwardable.rb:201:in `each'  \nC:/Ruby193/lib/ruby/1.9.1/forwardable.rb:201:in `each'  \nC:/Ruby193/lib/ruby/gems/1.9.1/gems/bundler-1.5.0/lib/bundler/installer.rb:294:in `install_sequentially'  \nC:/Ruby193/lib/ruby/gems/1.9.1/gems/bundler-1.5.0/lib/bundler/installer.rb:97:in `run'  \nC:/Ruby193/lib/ruby/gems/1.9.1/gems/bundler-1.5.0/lib/bundler/installer.rb:15:in `install'  \nC:/Ruby193/lib/ruby/gems/1.9.1/gems/bundler-1.5.0/lib/bundler/cli.rb:257:in `install'  \nC:/Ruby193/lib/ruby/gems/1.9.1/gems/bundler-1.5.0/lib/bundler/vendor/thor/command.rb:27:in `run'  \nC:/Ruby193/lib/ruby/gems/1.9.1/gems/bundler-1.5.0/lib/bundler/vendor/thor/invocation.rb:120:in `invoke_command'  \nC:/Ruby193/lib/ruby/gems/1.9.1/gems/bundler-1.5.0/lib/bundler/vendor/thor.rb:363:in `dispatch'  \nC:/Ruby193/lib/ruby/gems/1.9.1/gems/bundler-1.5.0/lib/bundler/vendor/thor/base.rb:438:in `start'  \nC:/Ruby193/lib/ruby/gems/1.9.1/gems/bundler-1.5.0/lib/bundler/cli.rb:10:in `start'  \nC:/Ruby193/lib/ruby/gems/1.9.1/gems/bundler-1.5.0/bin/bundle:22:in `block in <top (required)>'  \nC:/Ruby193/lib/ruby/gems/1.9.1/gems/bundler-1.5.0/lib/bundler/friendly_errors.rb:5:in `with_friendly_errors'  \nC:/Ruby193/lib/ruby/gems/1.9.1/gems/bundler-1.5.0/bin/bundle:22:in `<top (required)>'  \nC:/Ruby193/bin/bundle:23:in `load'  \nC:/Ruby193/bin/bundle:23:in `<main>'
I, [2013-12-27T15:56:03.136437 #14204]  INFO -- : 0:  RedCloth (4.2.9) from C:/Ruby193/lib/ruby/gems/1.9.1/specifications/RedCloth-4.2.9-x86-mingw32.gemspec
I, [2013-12-27T15:56:03.137436 #14204]  INFO -- : 0:  blankslate (2.1.2.4) from C:/Ruby193/lib/ruby/gems/1.9.1/specifications/blankslate-2.1.2.4.gemspec
I, [2013-12-27T15:56:04.773525 #14204]  INFO -- : 0:  fast-stemmer (1.0.2) from C:/Ruby193/lib/ruby/gems/1.9.1/specifications/fast-stemmer-1.0.2.gemspec
I, [2013-12-27T15:56:05.608081 #14204]  INFO -- : 0:  classifier (1.3.3) from C:/Ruby193/lib/ruby/gems/1.9.1/specifications/classifier-1.3.3.gemspec
I, [2013-12-27T15:56:06.798873 #14204]  INFO -- : 0:  colorator (0.1) from C:/Ruby193/lib/ruby/gems/1.9.1/specifications/colorator-0.1.gemspec
I, [2013-12-27T15:56:08.669118 #14204]  INFO -- : 0:  highline (1.6.20) from C:/Ruby193/lib/ruby/gems/1.9.1/specifications/highline-1.6.20.gemspec
I, [2013-12-27T15:56:09.732825 #14204]  INFO -- : 0:  commander (4.1.5) from C:/Ruby193/lib/ruby/gems/1.9.1/specifications/commander-4.1.5.gemspec
I, [2013-12-27T15:56:14.150766 #14204]  INFO -- : 0:  ffi (1.9.3) from C:/Ruby193/lib/ruby/gems/1.9.1/specifications/ffi-1.9.3-x86-mingw32.gemspec
I, [2013-12-27T15:56:15.761837 #14204]  INFO -- : 0:  liquid (2.5.4) from C:/Ruby193/lib/ruby/gems/1.9.1/specifications/liquid-2.5.4.gemspec
I, [2013-12-27T15:56:16.898592 #14204]  INFO -- : 0:  rb-fsevent (0.9.3) from C:/Ruby193/lib/ruby/gems/1.9.1/specifications/rb-fsevent-0.9.3.gemspec
I, [2013-12-27T15:56:18.208466 #14204]  INFO -- : 0:  rb-inotify (0.9.3) from C:/Ruby193/lib/ruby/gems/1.9.1/specifications/rb-inotify-0.9.3.gemspec
I, [2013-12-27T15:56:19.184115 #14204]  INFO -- : 0:  rb-kqueue (0.2.0) from C:/Ruby193/lib/ruby/gems/1.9.1/specifications/rb-kqueue-0.2.0.gemspec
I, [2013-12-27T15:56:20.512998 #14204]  INFO -- : 0:  listen (1.3.1) from C:/Ruby193/lib/ruby/gems/1.9.1/specifications/listen-1.3.1.gemspec
I, [2013-12-27T15:56:22.910596 #14204]  INFO -- : 0:  maruku (0.7.0) from C:/Ruby193/lib/ruby/gems/1.9.1/specifications/maruku-0.7.0.gemspec
I, [2013-12-27T15:56:24.564695 #14204]  INFO -- : 0:  posix-spawn (0.3.8) from C:/Ruby193/lib/ruby/gems/1.9.1/specifications/posix-spawn-0.3.8.gemspec
I, [2013-12-27T15:56:29.273830 #14204]  INFO -- : 0:  yajl-ruby (1.1.0) from C:/Ruby193/lib/ruby/gems/1.9.1/specifications/yajl-ruby-1.1.0-x86-mingw32.gemspec
I, [2013-12-27T15:56:36.711780 #14204]  INFO -- : 0:  pygments.rb (0.5.4) from C:/Ruby193/lib/ruby/gems/1.9.1/specifications/pygments.rb-0.5.4.gemspec
I, [2013-12-27T15:56:43.488290 #14204]  INFO -- : 0:  redcarpet (2.3.0) from C:/Ruby193/lib/ruby/gems/1.9.1/specifications/redcarpet-2.3.0.gemspec
I, [2013-12-27T15:56:44.907233 #14204]  INFO -- : 0:  safe_yaml (0.9.7) from C:/Ruby193/lib/ruby/gems/1.9.1/specifications/safe_yaml-0.9.7.gemspec
I, [2013-12-27T15:56:46.328179 #14204]  INFO -- : 0:  parslet (1.5.0) from C:/Ruby193/lib/ruby/gems/1.9.1/specifications/parslet-1.5.0.gemspec
I, [2013-12-27T15:56:47.224776 #14204]  INFO -- : 0:  toml (0.1.0) from C:/Ruby193/lib/ruby/gems/1.9.1/specifications/toml-0.1.0.gemspec
I, [2013-12-27T15:56:49.989615 #14204]  INFO -- : 0:  jekyll (1.4.2) from C:/Ruby193/lib/ruby/gems/1.9.1/specifications/jekyll-1.4.2.gemspec
I, [2013-12-27T15:56:52.824501 #14204]  INFO -- : 0:  kramdown (1.2.0) from C:/Ruby193/lib/ruby/gems/1.9.1/specifications/kramdown-1.2.0.gemspec
I, [2013-12-27T15:57:06.050302 #14204]  INFO -- : 0:  rdiscount (2.1.7) from C:/Ruby193/lib/ruby/gems/1.9.1/specifications/rdiscount-2.1.7.gemspec
I, [2013-12-27T15:57:07.134022 #14204]  INFO -- : 0:  github-pages (12) from C:/Ruby193/lib/ruby/gems/1.9.1/specifications/github-pages-12.gemspec
I, [2013-12-27T15:57:07.135023 #14204]  INFO -- : 0:  bundler (1.5.0) from C:/Ruby193/lib/ruby/gems/1.9.1/specifications/bundler-1.5.0.gemspec
